neighbor: 2.1440000000000006Altitude: 2581.0
neighbor: 13.4Altitude: 2613.0
neighbor: 0.0Altitude: 2587.0
neighbor: 13.4Altitude: 2586.0
neighbor: 13.4Altitude: 2619.0
neighbor: 0.0Altitude: 2602.0
neighbor: 13.4Altitude: 2580.0
water height: 13.4
height: 2599.4
neighbour cell altitude: 2605.0
neighbour cell altitude: 2583.144
neighbour cell altitude: 2626.4
neighbour cell altitude: 2587.0
neighbour cell altitude: 2599.4
neighbour cell altitude: 2632.4
neighbour cell altitude: 2602.0
neighbour cell altitude: 2593.4
flow cells: [cell(9729),cell(9416),cell(10042)]
flow cell altitude: 2583.144
flow cell altitude: 2587.0
flow cell altitude: 2593.4
neighbor: 0.0Altitude: 2586.0
neighbor: 13.4Altitude: 2613.0
neighbor: 10.184Altitude: 2581.0
neighbor: 0.0Altitude: 2605.0
neighbor: 13.4Altitude: 2580.0
neighbor: 0.0Altitude: 2578.0
neighbor: 0.5145600000000002Altitude: 2571.0
neighbor: 2.1440000000000006Altitude: 2586.0
water height: 13.4
height: 2599.4
neighbour cell altitude: 2586.0
neighbour cell altitude: 2626.4
neighbour cell altitude: 2591.184
neighbour cell altitude: 2605.0
neighbour cell altitude: 2593.4
neighbour cell altitude: 2578.0
neighbour cell altitude: 2571.51456
neighbour cell altitude: 2588.144
flow cells: [cell(10353),cell(9729),cell(10042),cell(10354),cell(10355),cell(9728)]
flow cell altitude: 2571.51456
flow cell altitude: 2578.0
flow cell altitude: 2586.0
flow cell altitude: 2588.144
flow cell altitude: 2591.184
flow cell altitude: 2593.4
neighbor: 0.0Altitude: 2639.0
neighbor: 13.4Altitude: 2605.0
neighbor: 13.4Altitude: 2625.0
neighbor: 13.4Altitude: 2637.0
neighbor: 13.4Altitude: 2600.0
neighbor: 0.8576000000000004Altitude: 2583.0
neighbor: 3.730560000000001Altitude: 2575.0
neighbor: 0.0Altitude: 2594.0
water height: 13.4
height: 2610.4
neighbour cell altitude: 2639.0
neighbour cell altitude: 2618.4
neighbour cell altitude: 2638.4
neighbour cell altitude: 2650.4
neighbour cell altitude: 2613.4
neighbour cell altitude: 2583.8576
neighbour cell altitude: 2578.73056
neighbour cell altitude: 2594.0
flow cells: [cell(7524),cell(7211),cell(7212)]
flow cell altitude: 2578.73056
flow cell altitude: 2583.8576
flow cell altitude: 2594.0
neighbor: 0.0Altitude: 2621.0
neighbor: 0.0Altitude: 2643.0
neighbor: 13.4Altitude: 2605.0
neighbor: 13.4Altitude: 2625.0
neighbor: 4.073600000000001Altitude: 2583.0
neighbor: 0.0Altitude: 2627.0
neighbor: 13.4Altitude: 2637.0
neighbor: 0.8576000000000004Altitude: 2597.0
water height: 13.4
height: 2613.4
neighbour cell altitude: 2621.0
neighbour cell altitude: 2643.0
neighbour cell altitude: 2618.4
neighbour cell altitude: 2638.4
neighbour cell altitude: 2587.0736
neighbour cell altitude: 2627.0
neighbour cell altitude: 2650.4
neighbour cell altitude: 2597.8576
flow cells: [cell(7524),cell(7525)]
flow cell altitude: 2587.0736
flow cell altitude: 2597.8576
neighbor: 1.9381760000000003Altitude: 2552.0
neighbor: 0.5488640000000002Altitude: 2556.0
neighbor: 0.0Altitude: 2589.0
neighbor: 13.4Altitude: 2614.0
neighbor: 0.0Altitude: 2619.0
neighbor: 0.13721600000000006Altitude: 2566.0
neighbor: 0.0Altitude: 2631.0
neighbor: 0.0Altitude: 2570.0
water height: 13.4
height: 2613.4
neighbour cell altitude: 2553.938176
neighbour cell altitude: 2556.548864
neighbour cell altitude: 2589.0
neighbour cell altitude: 2627.4
neighbour cell altitude: 2619.0
neighbour cell altitude: 2566.137216
neighbour cell altitude: 2631.0
neighbour cell altitude: 2570.0
flow cells: [cell(7830),cell(8143),cell(7828),cell(7829),cell(8456)]
flow cell altitude: 2553.938176
flow cell altitude: 2556.548864
flow cell altitude: 2566.137216
flow cell altitude: 2570.0
flow cell altitude: 2589.0
neighbor: 0.0Altitude: 2627.0
neighbor: 4.073600000000001Altitude: 2597.0
neighbor: 1.8352640000000005Altitude: 2575.0
neighbor: 0.0Altitude: 2604.0
neighbor: 0.0Altitude: 2622.0
neighbor: 12.1136Altitude: 2583.0
neighbor: 2.1440000000000006Altitude: 2600.0
neighbor: 0.0Altitude: 2621.0
water height: 13.4
height: 2618.4
neighbour cell altitude: 2627.0
neighbour cell altitude: 2601.0736
neighbour cell altitude: 2576.835264
neighbour cell altitude: 2604.0
neighbour cell altitude: 2622.0
neighbour cell altitude: 2595.1136
neighbour cell altitude: 2602.144
neighbour cell altitude: 2621.0
flow cells: [cell(7525),cell(7523),cell(7836),cell(7524),cell(7838)]
flow cell altitude: 2576.835264
flow cell altitude: 2595.1136
flow cell altitude: 2601.0736
flow cell altitude: 2602.144
flow cell altitude: 2604.0
neighbor: 2.1440000000000006Altitude: 2586.0
neighbor: 0.8576000000000004Altitude: 2586.0
neighbor: 0.0Altitude: 2617.0
neighbor: 13.4Altitude: 2618.0
neighbor: 0.0Altitude: 2610.0
neighbor: 0.0Altitude: 2602.0
neighbor: 13.4Altitude: 2619.0
neighbor: 0.0Altitude: 2605.0
water height: 13.4
height: 2626.4
neighbour cell altitude: 2588.144
neighbour cell altitude: 2586.8576
neighbour cell altitude: 2617.0
neighbour cell altitude: 2631.4
neighbour cell altitude: 2610.0
neighbour cell altitude: 2602.0
neighbour cell altitude: 2632.4
neighbour cell altitude: 2605.0
flow cells: [cell(9728),cell(10041),cell(9726),cell(10039),cell(9415),cell(10040)]
flow cell altitude: 2586.8576
flow cell altitude: 2588.144
flow cell altitude: 2602.0
flow cell altitude: 2605.0
flow cell altitude: 2610.0
flow cell altitude: 2617.0
neighbor: 0.20582400000000006Altitude: 2589.0
neighbor: 0.0Altitude: 2584.0
neighbor: 0.0Altitude: 2609.0
neighbor: 0.13721600000000006Altitude: 2600.0
neighbor: 0.0Altitude: 2619.0
neighbor: 1.4236160000000002Altitude: 2566.0
neighbor: 0.0Altitude: 2631.0
neighbor: 0.0Altitude: 2624.0
water height: 13.4
height: 2627.4
neighbour cell altitude: 2589.205824
neighbour cell altitude: 2584.0
neighbour cell altitude: 2609.0
neighbour cell altitude: 2600.137216
neighbour cell altitude: 2619.0
neighbour cell altitude: 2567.423616
neighbour cell altitude: 2631.0
neighbour cell altitude: 2624.0
flow cells: [cell(7828),cell(7827),cell(8140),cell(8142),cell(8455),cell(7829),cell(8453)]
flow cell altitude: 2567.423616
flow cell altitude: 2584.0
flow cell altitude: 2589.205824
flow cell altitude: 2600.137216
flow cell altitude: 2609.0
flow cell altitude: 2619.0
flow cell altitude: 2624.0
neighbor: 13.4Altitude: 2627.0
neighbor: 0.0Altitude: 2627.0
neighbor: 0.0Altitude: 2630.0
neighbor: 13.4Altitude: 2618.0
neighbor: 0.0Altitude: 2633.0
neighbor: 13.4Altitude: 2619.0
neighbor: 0.0Altitude: 2624.0
neighbor: 13.4Altitude: 2636.0
water height: 13.4
height: 0.0
neighbour cell altitude: 2640.4
neighbour cell altitude: 2627.0
neighbour cell altitude: 2630.0
neighbour cell altitude: 2631.4
neighbour cell altitude: 2633.0
neighbour cell altitude: 2632.4
neighbour cell altitude: 2624.0
neighbour cell altitude: 2649.4
flow cells: []
neighbor: 13.4Altitude: 2636.0
neighbor: 0.0Altitude: 2630.0
neighbor: 0.13721600000000006Altitude: 2613.0
neighbor: 13.4Altitude: 2619.0
neighbor: 13.4Altitude: 2615.0
neighbor: 0.0Altitude: 2611.0
neighbor: 0.0Altitude: 2624.0
neighbor: 0.0Altitude: 2617.0
water height: 13.4
height: 2631.4
neighbour cell altitude: 2649.4
neighbour cell altitude: 2630.0
neighbour cell altitude: 2613.137216
neighbour cell altitude: 2632.4
neighbour cell altitude: 2628.4
neighbour cell altitude: 2611.0
neighbour cell altitude: 2624.0
neighbour cell altitude: 2617.0
flow cells: [cell(9412),cell(9727),cell(9100),cell(9725),cell(9101),cell(9726)]
flow cell altitude: 2611.0
flow cell altitude: 2613.137216
flow cell altitude: 2617.0
flow cell altitude: 2624.0
flow cell altitude: 2628.4
flow cell altitude: 2630.0
neighbor: 1.2864000000000002Altitude: 2602.0
neighbor: 0.0Altitude: 2613.0
neighbor: 13.4Altitude: 2615.0
neighbor: 3.3532160000000006Altitude: 2613.0
neighbor: 0.8576000000000004Altitude: 2618.0
neighbor: 0.0Altitude: 2624.0
neighbor: 5.360000000000001Altitude: 2586.0
neighbor: 1.2864000000000002Altitude: 2617.0
water height: 13.4
height: 2632.4
neighbour cell altitude: 2603.2864
neighbour cell altitude: 2613.0
neighbour cell altitude: 2628.4
neighbour cell altitude: 2616.353216
neighbour cell altitude: 2618.8576
neighbour cell altitude: 2624.0
neighbour cell altitude: 2591.36
neighbour cell altitude: 2618.2864
flow cells: [cell(9415),cell(9102),cell(9100),cell(9727),cell(9413),cell(9101),cell(9728),cell(9726)]
flow cell altitude: 2591.36
flow cell altitude: 2603.2864
flow cell altitude: 2613.0
flow cell altitude: 2616.353216
flow cell altitude: 2618.2864
flow cell altitude: 2618.8576
flow cell altitude: 2624.0
flow cell altitude: 2628.4
neighbor: 0.0Altitude: 2633.0
neighbor: 13.4Altitude: 2643.0
neighbor: 0.0Altitude: 2629.0
neighbor: 13.4Altitude: 2627.0
neighbor: 13.4Altitude: 2632.0
neighbor: 0.0Altitude: 2630.0
neighbor: 13.4Altitude: 2636.0
neighbor: 0.0Altitude: 2625.0
water height: 13.4
height: 0.0
neighbour cell altitude: 2633.0
neighbour cell altitude: 2656.4
neighbour cell altitude: 2629.0
neighbour cell altitude: 2640.4
neighbour cell altitude: 2645.4
neighbour cell altitude: 2630.0
neighbour cell altitude: 2649.4
neighbour cell altitude: 2625.0
flow cells: []
neighbor: 13.4Altitude: 2664.0
neighbor: 0.0Altitude: 2643.0
neighbor: 0.0Altitude: 2659.0
neighbor: 5.360000000000001Altitude: 2597.0
neighbor: 2.658560000000001Altitude: 2600.0
neighbor: 13.4Altitude: 2672.0
neighbor: 13.4Altitude: 2637.0
neighbor: 0.0Altitude: 2621.0
water height: 13.4
height: 2638.4
neighbour cell altitude: 2677.4
neighbour cell altitude: 2643.0
neighbour cell altitude: 2659.0
neighbour cell altitude: 2602.36
neighbour cell altitude: 2602.65856
neighbour cell altitude: 2685.4
neighbour cell altitude: 2650.4
neighbour cell altitude: 2621.0
flow cells: [cell(7525),cell(7838),cell(8151)]
flow cell altitude: 2602.36
flow cell altitude: 2602.65856
flow cell altitude: 2621.0
neighbor: 0.0Altitude: 2631.0
neighbor: 0.0Altitude: 2648.0
neighbor: 13.4Altitude: 2636.0
neighbor: 13.4Altitude: 2615.0
neighbor: 0.0Altitude: 2631.0
neighbor: 13.4Altitude: 2623.0
neighbor: 13.4Altitude: 2632.0
neighbor: 0.0Altitude: 2633.0
water height: 13.4
height: 2640.4
neighbour cell altitude: 2631.0
neighbour cell altitude: 2648.0
neighbour cell altitude: 2649.4
neighbour cell altitude: 2628.4
neighbour cell altitude: 2631.0
neighbour cell altitude: 2636.4
neighbour cell altitude: 2645.4
neighbour cell altitude: 2633.0
flow cells: [cell(8473),cell(9100),cell(8474),cell(9098),cell(8787)]
flow cell altitude: 2628.4
flow cell altitude: 2631.0
flow cell altitude: 2631.0
flow cell altitude: 2633.0
flow cell altitude: 2636.4
neighbor: 0.0Altitude: 2633.0
neighbor: 3.999999999999874Altitude: 2627.0
neighbor: 13.4Altitude: 2643.0
neighbor: 0.0Altitude: 2648.0
neighbor: 13.4Altitude: 2655.0
neighbor: 1.3600000000001273Altitude: 2631.0
neighbor: 13.4Altitude: 2623.0
neighbor: 13.4Altitude: 2636.0
water height: 13.4
height: 2645.4
neighbour cell altitude: 2633.0
neighbour cell altitude: 2631.0
neighbour cell altitude: 2656.4
neighbour cell altitude: 2648.0
neighbour cell altitude: 2668.4
neighbour cell altitude: 2632.36
neighbour cell altitude: 2636.4
neighbour cell altitude: 2649.4
flow cells: [cell(9097),cell(8786),cell(8473),cell(9098)]
flow cell altitude: 2631.0
flow cell altitude: 2632.36
flow cell altitude: 2633.0
flow cell altitude: 2636.4
neighbor: 21.439999999999998Altitude: 2615.0
neighbor: 13.4Altitude: 2623.0
neighbor: 1.0000000000002225Altitude: 2632.0
neighbor: 12.039999999999873Altitude: 2627.0
neighbor: 0.0Altitude: 2633.0
neighbor: 0.0Altitude: 2625.0
neighbor: 0.9399296000000004Altitude: 2618.0
neighbor: 0.0Altitude: 2630.0
water height: 13.4
height: 2649.4
neighbour cell altitude: 2636.44
neighbour cell altitude: 2636.4
neighbour cell altitude: 2633.0
neighbour cell altitude: 2639.04
neighbour cell altitude: 2633.0
neighbour cell altitude: 2625.0
neighbour cell altitude: 2618.9399296
neighbour cell altitude: 2630.0
flow cells: [cell(9100),cell(9098),cell(8785),cell(8786),cell(8787),cell(9411),cell(9413),cell(9412)]
flow cell altitude: 2618.9399296
flow cell altitude: 2625.0
flow cell altitude: 2630.0
flow cell altitude: 2633.0
flow cell altitude: 2633.0
flow cell altitude: 2636.4
flow cell altitude: 2636.44
flow cell altitude: 2639.04
neighbor: 1.2864000000000002Altitude: 2594.0
neighbor: 0.0Altitude: 2644.0
neighbor: 13.4Altitude: 2597.0
neighbor: 0.8576000000000004Altitude: 2625.0
neighbor: 13.4Altitude: 2664.0
neighbor: 0.0Altitude: 2659.0
neighbor: 5.874560000000002Altitude: 2600.0
neighbor: 0.0Altitude: 2639.0
water height: 13.4
height: 2650.4
neighbour cell altitude: 2595.2864
neighbour cell altitude: 2644.0
neighbour cell altitude: 2610.4
neighbour cell altitude: 2625.8576
neighbour cell altitude: 2677.4
neighbour cell altitude: 2659.0
neighbour cell altitude: 2605.87456
neighbour cell altitude: 2639.0
flow cells: [cell(7212),cell(7214),cell(7525),cell(7839),cell(7838),cell(7213)]
flow cell altitude: 2595.2864
flow cell altitude: 2605.87456
flow cell altitude: 2610.4
flow cell altitude: 2625.8576
flow cell altitude: 2639.0
flow cell altitude: 2644.0
neighbor: 13.4Altitude: 2623.0
neighbor: 1.2058240000002225Altitude: 2632.0
neighbor: 0.0Altitude: 2648.0
neighbor: 1.143999999999778Altitude: 2633.0
neighbor: 13.4Altitude: 2655.0
neighbor: 13.4Altitude: 2660.0
neighbor: 13.4Altitude: 2657.0
neighbor: 0.0Altitude: 2653.0
water height: 13.4
height: 2656.4
neighbour cell altitude: 2636.4
neighbour cell altitude: 2633.205824
neighbour cell altitude: 2648.0
neighbour cell altitude: 2634.144
neighbour cell altitude: 2668.4
neighbour cell altitude: 2673.4
neighbour cell altitude: 2670.4
neighbour cell altitude: 2653.0
flow cells: [cell(9098),cell(8785),cell(8472),cell(9097),cell(9096)]
flow cell altitude: 2633.205824
flow cell altitude: 2634.144
flow cell altitude: 2636.4
flow cell altitude: 2648.0
flow cell altitude: 2653.0
neighbor: 13.4Altitude: 2660.0
neighbor: 0.0Altitude: 2637.0
neighbor: 0.0Altitude: 2642.0
neighbor: 9.245824000000221Altitude: 2632.0
neighbor: 0.8576000000000004Altitude: 2643.0
neighbor: 0.0Altitude: 2648.0
neighbor: 0.0Altitude: 2652.0
neighbor: 13.4Altitude: 2657.0
water height: 13.4
height: 2668.4
neighbour cell altitude: 2673.4
neighbour cell altitude: 2637.0
neighbour cell altitude: 2642.0
neighbour cell altitude: 2641.245824
neighbour cell altitude: 2643.8576
neighbour cell altitude: 2648.0
neighbour cell altitude: 2652.0
neighbour cell altitude: 2670.4
flow cells: [cell(8159),cell(8158),cell(8785),cell(8784),cell(8472),cell(8157)]
flow cell altitude: 2637.0
flow cell altitude: 2641.245824
flow cell altitude: 2642.0
flow cell altitude: 2643.8576
flow cell altitude: 2648.0
flow cell altitude: 2652.0
neighbor: 0.0Altitude: 2653.0
neighbor: 13.4Altitude: 2671.0
neighbor: 0.0Altitude: 2628.0
neighbor: 0.0Altitude: 2648.0
neighbor: 13.4Altitude: 2672.0
neighbor: 13.4Altitude: 2664.0
neighbor: 0.0Altitude: 2659.0
neighbor: 13.4Altitude: 2667.0
water height: 13.4
height: 0.0
neighbour cell altitude: 2653.0
neighbour cell altitude: 2684.4
neighbour cell altitude: 2628.0
neighbour cell altitude: 2648.0
neighbour cell altitude: 2685.4
neighbour cell altitude: 2677.4
neighbour cell altitude: 2659.0
neighbour cell altitude: 2680.4
flow cells: []
neighbor: 1.3721600000000005Altitude: 2643.0
neighbor: 13.4Altitude: 2678.0
neighbor: 0.05488640000000003Altitude: 2655.0
neighbor: 4.359999999999779Altitude: 2633.0
neighbor: 0.0Altitude: 2648.0
neighbor: 0.0Altitude: 2653.0
neighbor: 0.0Altitude: 2672.0
neighbor: 13.4Altitude: 2660.0
water height: 13.4
height: 2670.4
neighbour cell altitude: 2644.37216
neighbour cell altitude: 2691.4
neighbour cell altitude: 2655.0548864
neighbour cell altitude: 2637.3599999999997
neighbour cell altitude: 2648.0
neighbour cell altitude: 2653.0
neighbour cell altitude: 2672.0
neighbour cell altitude: 2673.4
flow cells: [cell(8784),cell(8471),cell(9097),cell(9095),cell(9096)]
flow cell altitude: 2637.3599999999997
flow cell altitude: 2644.37216
flow cell altitude: 2648.0
flow cell altitude: 2653.0
flow cell altitude: 2655.0548864
neighbor: 0.13721600000000006Altitude: 2657.0
neighbor: 4.588160000000001Altitude: 2643.0
neighbor: 0.0Altitude: 2672.0
neighbor: 1.2864000000000002Altitude: 2642.0
neighbor: 0.08232960000000003Altitude: 2652.0
neighbor: 13.4Altitude: 2678.0
neighbor: 0.2607104000000001Altitude: 2655.0
neighbor: 13.4Altitude: 2661.0
water height: 13.4
height: 2673.4
neighbour cell altitude: 2657.137216
neighbour cell altitude: 2647.58816
neighbour cell altitude: 2672.0
neighbour cell altitude: 2643.2864
neighbour cell altitude: 2652.0823296
neighbour cell altitude: 2691.4
neighbour cell altitude: 2655.2607104
neighbour cell altitude: 2674.4
flow cells: [cell(8783),cell(8784),cell(8782),cell(8158),cell(8157),cell(8471)]
flow cell altitude: 2643.2864
flow cell altitude: 2647.58816
flow cell altitude: 2652.0823296
flow cell altitude: 2655.2607104
flow cell altitude: 2657.137216
flow cell altitude: 2672.0
neighbor: 0.0Altitude: 2648.0
neighbor: 13.4Altitude: 2671.0
neighbor: 13.4Altitude: 2676.0
neighbor: 0.13721600000000006Altitude: 2660.0
neighbor: 13.4Altitude: 2678.0
neighbor: 1.3687296000000002Altitude: 2652.0
neighbor: 0.0Altitude: 2641.0
neighbor: 0.0Altitude: 2643.0
water height: 13.4
height: 2674.4
neighbour cell altitude: 2648.0
neighbour cell altitude: 2684.4
neighbour cell altitude: 2689.4
neighbour cell altitude: 2660.137216
neighbour cell altitude: 2691.4
neighbour cell altitude: 2653.3687296
neighbour cell altitude: 2641.0
neighbour cell altitude: 2643.0
flow cells: [cell(7842),cell(8470),cell(8157),cell(7843),cell(7844)]
flow cell altitude: 2641.0
flow cell altitude: 2643.0
flow cell altitude: 2648.0
flow cell altitude: 2653.3687296
flow cell altitude: 2660.137216
neighbor: 13.4Altitude: 2656.0
neighbor: 13.4Altitude: 2672.0
neighbor: 0.0Altitude: 2653.0
neighbor: 0.0Altitude: 2659.0
neighbor: 0.3430400000000001Altitude: 2637.0
neighbor: 0.0Altitude: 2643.0
neighbor: 13.4Altitude: 2667.0
neighbor: 1.3721600000000005Altitude: 2625.0
water height: 13.4
height: 2677.4
neighbour cell altitude: 2669.4
neighbour cell altitude: 2685.4
neighbour cell altitude: 2653.0
neighbour cell altitude: 2659.0
neighbour cell altitude: 2637.34304
neighbour cell altitude: 2643.0
neighbour cell altitude: 2680.4
neighbour cell altitude: 2626.37216
flow cells: [cell(7841),cell(7528),cell(7527),cell(7526),cell(8152),cell(7839)]
flow cell altitude: 2626.37216
flow cell altitude: 2637.34304
flow cell altitude: 2643.0
flow cell altitude: 2653.0
flow cell altitude: 2659.0
flow cell altitude: 2669.4
neighbor: 0.0Altitude: 2683.0
neighbor: 0.0Altitude: 2673.0
neighbor: 0.0Altitude: 2682.0
neighbor: 0.0Altitude: 2655.0
neighbor: 0.0Altitude: 2679.0
neighbor: 0.0Altitude: 2663.0
neighbor: 0.0Altitude: 2668.0
neighbor: 0.0Altitude: 2658.0
water height: 13.4
height: 0.0
neighbour cell altitude: 2683.0
neighbour cell altitude: 2673.0
neighbour cell altitude: 2682.0
neighbour cell altitude: 2655.0
neighbour cell altitude: 2679.0
neighbour cell altitude: 2663.0
neighbour cell altitude: 2668.0
neighbour cell altitude: 2658.0
flow cells: []
neighbor: 13.4Altitude: 2656.0
neighbor: 13.4Altitude: 2676.0
neighbor: 0.0Altitude: 2676.0
neighbor: 0.0Altitude: 2669.0
neighbor: 13.4Altitude: 2671.0
neighbor: 1.2864000000000002Altitude: 2648.0
neighbor: 0.13721600000000006Altitude: 2664.0
neighbor: 13.4Altitude: 2672.0
water height: 13.4
height: 2680.4
neighbour cell altitude: 2669.4
neighbour cell altitude: 2689.4
neighbour cell altitude: 2676.0
neighbour cell altitude: 2669.0
neighbour cell altitude: 2684.4
neighbour cell altitude: 2649.2864
neighbour cell altitude: 2664.137216
neighbour cell altitude: 2685.4
flow cells: [cell(7841),cell(8467),cell(8466),cell(7842),cell(7840)]
flow cell altitude: 2649.2864
flow cell altitude: 2664.137216
flow cell altitude: 2669.0
flow cell altitude: 2669.4
flow cell altitude: 2676.0
neighbor: 0.13721600000000006Altitude: 2661.0
neighbor: 2.0000000000002225Altitude: 2667.0
neighbor: 9.3264Altitude: 2648.0
neighbor: 13.4Altitude: 2678.0
neighbor: 8.04Altitude: 2641.0
neighbor: 0.0Altitude: 2676.0
neighbor: 13.4Altitude: 2656.0
neighbor: 13.4Altitude: 2676.0
water height: 13.4
height: 2684.4
neighbour cell altitude: 2661.137216
neighbour cell altitude: 2669.0
neighbour cell altitude: 2657.3264
neighbour cell altitude: 2691.4
neighbour cell altitude: 2649.04
neighbour cell altitude: 2676.0
neighbour cell altitude: 2669.4
neighbour cell altitude: 2689.4
flow cells: [cell(8156),cell(8154),cell(7842),cell(7843),cell(8467),cell(7841)]
flow cell altitude: 2649.04
flow cell altitude: 2657.3264
flow cell altitude: 2661.137216
flow cell altitude: 2669.0
flow cell altitude: 2669.4
flow cell altitude: 2676.0
neighbor: 0.14399999999977808Altitude: 2669.0
neighbor: 9.41216Altitude: 2625.0
neighbor: 0.0Altitude: 2676.0
neighbor: 3.3532160000000006Altitude: 2664.0
neighbor: 2.514560000000223Altitude: 2667.0
neighbor: 0.0Altitude: 2649.0
neighbor: 13.605824Altitude: 2656.0
neighbor: 1.2864000000000002Altitude: 2643.0
water height: 13.4
height: 2685.4
neighbour cell altitude: 2669.144
neighbour cell altitude: 2634.41216
neighbour cell altitude: 2676.0
neighbour cell altitude: 2667.353216
neighbour cell altitude: 2669.51456
neighbour cell altitude: 2649.0
neighbour cell altitude: 2669.605824
neighbour cell altitude: 2644.2864
flow cells: [cell(8466),cell(7839),cell(8467),cell(7840),cell(8154),cell(8465),cell(7841),cell(8152)]
flow cell altitude: 2634.41216
flow cell altitude: 2644.2864
flow cell altitude: 2649.0
flow cell altitude: 2667.353216
flow cell altitude: 2669.144
flow cell altitude: 2669.51456
flow cell altitude: 2669.605824
flow cell altitude: 2676.0
neighbor: 0.0Altitude: 2681.0
neighbor: 0.0Altitude: 2675.0
neighbor: 2.596889600000223Altitude: 2667.0
neighbor: 0.13721600000000006Altitude: 2671.0
neighbor: 0.0Altitude: 2676.0
neighbor: 1.4236160000000002Altitude: 2661.0
neighbor: 13.4Altitude: 2678.0
neighbor: 0.0Altitude: 2672.0
water height: 13.4
height: 2689.4
neighbour cell altitude: 2681.0
neighbour cell altitude: 2675.0
neighbour cell altitude: 2669.5968896000004
neighbour cell altitude: 2671.137216
neighbour cell altitude: 2676.0
neighbour cell altitude: 2662.423616
neighbour cell altitude: 2691.4
neighbour cell altitude: 2672.0
flow cells: [cell(8780),cell(8781),cell(8154),cell(8155),cell(8467),cell(8156),cell(8782)]
flow cell altitude: 2662.423616
flow cell altitude: 2669.5968896000004
flow cell altitude: 2671.137216
flow cell altitude: 2672.0
flow cell altitude: 2675.0
flow cell altitude: 2676.0
flow cell altitude: 2681.0
neighbor: 9.463616Altitude: 2661.0
neighbor: 0.20582400000000006Altitude: 2675.0
neighbor: 0.05488640000000003Altitude: 2676.0
neighbor: 1.4236160000000002Altitude: 2671.0
neighbor: 0.3430400000000001Altitude: 2657.0
neighbor: 0.5145600000000002Altitude: 2672.0
neighbor: 1.8832896000000003Altitude: 2652.0
neighbor: 0.3430400000000001Altitude: 2660.0
water height: 13.4
height: 2691.4
neighbour cell altitude: 2670.463616
neighbour cell altitude: 2675.205824
neighbour cell altitude: 2676.0548864
neighbour cell altitude: 2672.423616
neighbour cell altitude: 2657.34304
neighbour cell altitude: 2672.51456
neighbour cell altitude: 2653.8832896
neighbour cell altitude: 2660.34304
flow cells: [cell(8156),cell(8781),cell(8468),cell(8155),cell(8783),cell(8782),cell(8157),cell(8470)]
flow cell altitude: 2653.8832896
flow cell altitude: 2657.34304
flow cell altitude: 2660.34304
flow cell altitude: 2670.463616
flow cell altitude: 2672.423616
flow cell altitude: 2672.51456
flow cell altitude: 2675.205824
flow cell altitude: 2676.0548864
CA water height:  14.2
water_level date_time:  16/6/2024 01:00
Water level: 0.302
